#! /c/Source/iverilog-install/bin/vvp
:ivl_version "12.0 (devel)" "(s20150603-1539-g2693dd32b)";
:ivl_delay_selection "TYPICAL";
:vpi_time_precision - 12;
:vpi_module "C:\iverilog\lib\ivl\system.vpi";
:vpi_module "C:\iverilog\lib\ivl\vhdl_sys.vpi";
:vpi_module "C:\iverilog\lib\ivl\vhdl_textio.vpi";
:vpi_module "C:\iverilog\lib\ivl\v2005_math.vpi";
:vpi_module "C:\iverilog\lib\ivl\va_math.vpi";
S_000001c3041687f0 .scope module, "cpu" "cpu" 2 7;
 .timescale -9 -12;
    .port_info 0 /INPUT 1 "clk";
    .port_info 1 /INPUT 1 "rst";
    .port_info 2 /OUTPUT 16 "current_instruction";
o000001c304170968 .functor BUFZ 1, C4<z>; HiZ drive
L_000001c304157560 .functor NOT 1, o000001c304170968, C4<0>, C4<0>, C4<0>;
L_000001c304157330 .functor AND 1, v000001c304141d90_0, L_000001c304157560, C4<1>, C4<1>;
v000001c3041c6ac0_0 .net *"_ivl_0", 0 0, L_000001c304157560;  1 drivers
v000001c3041c5940_0 .net "alu_op", 2 0, v000001c3041421f0_0;  1 drivers
v000001c3041c5bc0_0 .net "alu_result", 7 0, v000001c3041420b0_0;  1 drivers
v000001c3041c71a0_0 .net "alu_zero_unused", 0 0, L_000001c3041c90e0;  1 drivers
o000001c304170938 .functor BUFZ 1, C4<z>; HiZ drive
v000001c3041c7380_0 .net "clk", 0 0, o000001c304170938;  0 drivers
v000001c3041c5c60_0 .net "current_instruction", 15 0, L_000001c3041574f0;  1 drivers
v000001c3041c56c0_0 .net "opcode", 3 0, v000001c304141430_0;  1 drivers
v000001c3041c5760_0 .net "pc_to_imem", 7 0, v000001c304141b10_0;  1 drivers
v000001c3041c6b60_0 .net "rd_addr", 2 0, v000001c304141610_0;  1 drivers
v000001c3041c5d00_0 .net "reg_write", 0 0, v000001c304141d90_0;  1 drivers
v000001c3041c6980_0 .net "reg_write_gated", 0 0, L_000001c304157330;  1 drivers
v000001c3041c6a20_0 .net "rs1_addr", 2 0, v000001c304141bb0_0;  1 drivers
v000001c3041c6e80_0 .net "rs1_data", 7 0, L_000001c3041c8640;  1 drivers
v000001c3041c6480_0 .net "rs2_addr", 2 0, v000001c304141a70_0;  1 drivers
v000001c3041c5ee0_0 .net "rs2_data", 7 0, L_000001c3041c9540;  1 drivers
v000001c3041c6f20_0 .net "rst", 0 0, o000001c304170968;  0 drivers
S_000001c30416ea70 .scope module, "alu_inst" "alu" 2 69, 3 1 0, S_000001c3041687f0;
 .timescale -9 -12;
    .port_info 0 /INPUT 8 "A";
    .port_info 1 /INPUT 8 "B";
    .port_info 2 /INPUT 3 "ALU_Control";
    .port_info 3 /OUTPUT 8 "ALU_Result";
    .port_info 4 /OUTPUT 1 "zero";
v000001c304141570_0 .net "A", 7 0, L_000001c3041c8640;  alias, 1 drivers
v000001c304141390_0 .net "ALU_Control", 2 0, v000001c3041421f0_0;  alias, 1 drivers
v000001c3041420b0_0 .var "ALU_Result", 7 0;
v000001c3041419d0_0 .net "B", 7 0, L_000001c3041c9540;  alias, 1 drivers
L_000001c304200280 .functor BUFT 1, C4<00000000>, C4<0>, C4<0>, C4<0>;
v000001c304142010_0 .net/2u *"_ivl_0", 7 0, L_000001c304200280;  1 drivers
v000001c304142150_0 .net "zero", 0 0, L_000001c3041c90e0;  alias, 1 drivers
E_000001c30416ab20 .event anyedge, v000001c304141390_0, v000001c304141570_0, v000001c3041419d0_0;
L_000001c3041c90e0 .cmp/eq 8, v000001c3041420b0_0, L_000001c304200280;
S_000001c30416ec00 .scope module, "control_unit_inst" "control_unit" 2 37, 4 4 0, S_000001c3041687f0;
 .timescale -9 -12;
    .port_info 0 /INPUT 16 "instr";
    .port_info 1 /OUTPUT 4 "opcode";
    .port_info 2 /OUTPUT 3 "rd_addr";
    .port_info 3 /OUTPUT 3 "rs1_addr";
    .port_info 4 /OUTPUT 3 "rs2_addr";
    .port_info 5 /OUTPUT 1 "reg_write";
    .port_info 6 /OUTPUT 3 "alu_op";
v000001c3041421f0_0 .var "alu_op", 2 0;
v000001c3041412f0_0 .net "instr", 15 0, L_000001c3041574f0;  alias, 1 drivers
v000001c304141430_0 .var "opcode", 3 0;
v000001c304141610_0 .var "rd_addr", 2 0;
v000001c304141d90_0 .var "reg_write", 0 0;
v000001c304141bb0_0 .var "rs1_addr", 2 0;
v000001c304141a70_0 .var "rs2_addr", 2 0;
E_000001c30416a7a0 .event anyedge, v000001c3041412f0_0, v000001c304141430_0;
S_000001c30414de40 .scope module, "imem_inst" "imem" 2 24, 5 1 0, S_000001c3041687f0;
 .timescale -9 -12;
    .port_info 0 /INPUT 8 "addr";
    .port_info 1 /OUTPUT 16 "instr";
L_000001c3041574f0 .functor BUFZ 16, L_000001c3041c8780, C4<0000000000000000>, C4<0000000000000000>, C4<0000000000000000>;
v000001c3041414d0_0 .net *"_ivl_0", 15 0, L_000001c3041c8780;  1 drivers
v000001c3041416b0_0 .net *"_ivl_2", 9 0, L_000001c3041c8500;  1 drivers
L_000001c304200088 .functor BUFT 1, C4<00>, C4<0>, C4<0>, C4<0>;
v000001c304141e30_0 .net *"_ivl_5", 1 0, L_000001c304200088;  1 drivers
v000001c304141750_0 .net "addr", 7 0, v000001c304141b10_0;  alias, 1 drivers
v000001c304141890_0 .net "instr", 15 0, L_000001c3041574f0;  alias, 1 drivers
v000001c304141930 .array "mem", 255 0, 15 0;
L_000001c3041c8780 .array/port v000001c304141930, L_000001c3041c8500;
L_000001c3041c8500 .concat [ 8 2 0 0], v000001c304141b10_0, L_000001c304200088;
S_000001c30414dfd0 .scope module, "pc_inst" "pc" 2 17, 6 1 0, S_000001c3041687f0;
 .timescale -9 -12;
    .port_info 0 /INPUT 1 "clk";
    .port_info 1 /INPUT 1 "reset";
    .port_info 2 /OUTPUT 8 "pc_out";
v000001c304141c50_0 .net "clk", 0 0, o000001c304170938;  alias, 0 drivers
v000001c304141b10_0 .var "pc_out", 7 0;
v000001c3041c5da0_0 .net "reset", 0 0, o000001c304170968;  alias, 0 drivers
E_000001c304169ce0 .event posedge, v000001c3041c5da0_0, v000001c304141c50_0;
S_000001c304153c40 .scope module, "regfile_inst" "regfile" 2 58, 7 1 0, S_000001c3041687f0;
 .timescale -9 -12;
    .port_info 0 /INPUT 1 "clk";
    .port_info 1 /INPUT 1 "we";
    .port_info 2 /INPUT 3 "read_addr1";
    .port_info 3 /INPUT 3 "read_addr2";
    .port_info 4 /INPUT 3 "write_addr";
    .port_info 5 /INPUT 8 "write_data";
    .port_info 6 /OUTPUT 8 "read_data1";
    .port_info 7 /OUTPUT 8 "read_data2";
L_000001c3042000d0 .functor BUFT 1, C4<000>, C4<0>, C4<0>, C4<0>;
v000001c3041c6840_0 .net/2u *"_ivl_0", 2 0, L_000001c3042000d0;  1 drivers
L_000001c304200160 .functor BUFT 1, C4<00>, C4<0>, C4<0>, C4<0>;
v000001c3041c67a0_0 .net *"_ivl_11", 1 0, L_000001c304200160;  1 drivers
L_000001c3042001a8 .functor BUFT 1, C4<000>, C4<0>, C4<0>, C4<0>;
v000001c3041c6660_0 .net/2u *"_ivl_14", 2 0, L_000001c3042001a8;  1 drivers
v000001c3041c7240_0 .net *"_ivl_16", 0 0, L_000001c3041c9a40;  1 drivers
L_000001c3042001f0 .functor BUFT 1, C4<00000000>, C4<0>, C4<0>, C4<0>;
v000001c3041c68e0_0 .net/2u *"_ivl_18", 7 0, L_000001c3042001f0;  1 drivers
v000001c3041c5a80_0 .net *"_ivl_2", 0 0, L_000001c3041c8c80;  1 drivers
v000001c3041c6ca0_0 .net *"_ivl_20", 7 0, L_000001c3041c9c20;  1 drivers
v000001c3041c5580_0 .net *"_ivl_22", 4 0, L_000001c3041ca120;  1 drivers
L_000001c304200238 .functor BUFT 1, C4<00>, C4<0>, C4<0>, C4<0>;
v000001c3041c63e0_0 .net *"_ivl_25", 1 0, L_000001c304200238;  1 drivers
L_000001c304200118 .functor BUFT 1, C4<00000000>, C4<0>, C4<0>, C4<0>;
v000001c3041c59e0_0 .net/2u *"_ivl_4", 7 0, L_000001c304200118;  1 drivers
v000001c3041c5620_0 .net *"_ivl_6", 7 0, L_000001c3041c9e00;  1 drivers
v000001c3041c6700_0 .net *"_ivl_8", 4 0, L_000001c3041c94a0;  1 drivers
v000001c3041c5800_0 .net "clk", 0 0, o000001c304170938;  alias, 0 drivers
v000001c3041c5e40_0 .var/i "i", 31 0;
v000001c3041c6020_0 .net "read_addr1", 2 0, v000001c304141bb0_0;  alias, 1 drivers
v000001c3041c72e0_0 .net "read_addr2", 2 0, v000001c304141a70_0;  alias, 1 drivers
v000001c3041c6200_0 .net "read_data1", 7 0, L_000001c3041c8640;  alias, 1 drivers
v000001c3041c60c0_0 .net "read_data2", 7 0, L_000001c3041c9540;  alias, 1 drivers
v000001c3041c6340 .array "regs", 7 0, 7 0;
v000001c3041c65c0_0 .net "we", 0 0, L_000001c304157330;  alias, 1 drivers
v000001c3041c5b20_0 .net "write_addr", 2 0, v000001c304141610_0;  alias, 1 drivers
v000001c3041c6160_0 .net "write_data", 7 0, v000001c3041420b0_0;  alias, 1 drivers
E_000001c30416a6a0 .event posedge, v000001c304141c50_0;
L_000001c3041c8c80 .cmp/eq 3, v000001c304141bb0_0, L_000001c3042000d0;
L_000001c3041c9e00 .array/port v000001c3041c6340, L_000001c3041c94a0;
L_000001c3041c94a0 .concat [ 3 2 0 0], v000001c304141bb0_0, L_000001c304200160;
L_000001c3041c8640 .functor MUXZ 8, L_000001c3041c9e00, L_000001c304200118, L_000001c3041c8c80, C4<>;
L_000001c3041c9a40 .cmp/eq 3, v000001c304141a70_0, L_000001c3042001a8;
L_000001c3041c9c20 .array/port v000001c3041c6340, L_000001c3041ca120;
L_000001c3041ca120 .concat [ 3 2 0 0], v000001c304141a70_0, L_000001c304200238;
L_000001c3041c9540 .functor MUXZ 8, L_000001c3041c9c20, L_000001c3042001f0, L_000001c3041c9a40, C4<>;
S_000001c304168980 .scope module, "tb_control_unit" "tb_control_unit" 8 3;
 .timescale -9 -12;
v000001c3041c58a0_0 .net "alu_op", 2 0, v000001c3041c62a0_0;  1 drivers
v000001c3041c6de0_0 .var/i "errors", 31 0;
v000001c3041c5f80_0 .var "instr", 15 0;
v000001c3041c7060_0 .net "opcode", 3 0, v000001c3041c7100_0;  1 drivers
v000001c3041c99a0_0 .net "rd_addr", 2 0, v000001c3041c54e0_0;  1 drivers
v000001c3041c9400_0 .net "reg_write", 0 0, v000001c3041c6520_0;  1 drivers
v000001c3041c9b80_0 .net "rs1_addr", 2 0, v000001c3041c6d40_0;  1 drivers
v000001c3041c92c0_0 .net "rs2_addr", 2 0, v000001c3041c6fc0_0;  1 drivers
S_000001c304153dd0 .scope module, "dut" "control_unit" 8 13, 4 4 0, S_000001c304168980;
 .timescale -9 -12;
    .port_info 0 /INPUT 16 "instr";
    .port_info 1 /OUTPUT 4 "opcode";
    .port_info 2 /OUTPUT 3 "rd_addr";
    .port_info 3 /OUTPUT 3 "rs1_addr";
    .port_info 4 /OUTPUT 3 "rs2_addr";
    .port_info 5 /OUTPUT 1 "reg_write";
    .port_info 6 /OUTPUT 3 "alu_op";
v000001c3041c62a0_0 .var "alu_op", 2 0;
v000001c3041c6c00_0 .net "instr", 15 0, v000001c3041c5f80_0;  1 drivers
v000001c3041c7100_0 .var "opcode", 3 0;
v000001c3041c54e0_0 .var "rd_addr", 2 0;
v000001c3041c6520_0 .var "reg_write", 0 0;
v000001c3041c6d40_0 .var "rs1_addr", 2 0;
v000001c3041c6fc0_0 .var "rs2_addr", 2 0;
E_000001c30416a2a0 .event anyedge, v000001c3041c6c00_0, v000001c3041c7100_0;
    .scope S_000001c30414dfd0;
T_0 ;
    %wait E_000001c304169ce0;
    %load/vec4 v000001c3041c5da0_0;
    %flag_set/vec4 8;
    %jmp/0xz  T_0.0, 8;
    %pushi/vec4 0, 0, 8;
    %assign/vec4 v000001c304141b10_0, 0;
    %jmp T_0.1;
T_0.0 ;
    %load/vec4 v000001c304141b10_0;
    %addi 1, 0, 8;
    %assign/vec4 v000001c304141b10_0, 0;
T_0.1 ;
    %jmp T_0;
    .thread T_0;
    .scope S_000001c30414de40;
T_1 ;
    %vpi_call 5 9 "$readmemh", "C:/Users/LENOVO/Desktop/cursor/Simple-8bit-CPU-Verilog/program.hex", v000001c304141930 {0 0 0};
    %end;
    .thread T_1;
    .scope S_000001c30416ec00;
T_2 ;
    %wait E_000001c30416a7a0;
    %load/vec4 v000001c3041412f0_0;
    %parti/s 4, 12, 5;
    %store/vec4 v000001c304141430_0, 0, 4;
    %load/vec4 v000001c3041412f0_0;
    %parti/s 3, 8, 5;
    %store/vec4 v000001c304141610_0, 0, 3;
    %load/vec4 v000001c3041412f0_0;
    %parti/s 3, 4, 4;
    %store/vec4 v000001c304141bb0_0, 0, 3;
    %load/vec4 v000001c3041412f0_0;
    %parti/s 3, 0, 2;
    %store/vec4 v000001c304141a70_0, 0, 3;
    %pushi/vec4 0, 0, 1;
    %store/vec4 v000001c304141d90_0, 0, 1;
    %pushi/vec4 0, 0, 3;
    %store/vec4 v000001c3041421f0_0, 0, 3;
    %load/vec4 v000001c304141430_0;
    %dup/vec4;
    %pushi/vec4 1, 0, 4;
    %cmp/u;
    %jmp/1 T_2.0, 6;
    %dup/vec4;
    %pushi/vec4 2, 0, 4;
    %cmp/u;
    %jmp/1 T_2.1, 6;
    %dup/vec4;
    %pushi/vec4 3, 0, 4;
    %cmp/u;
    %jmp/1 T_2.2, 6;
    %dup/vec4;
    %pushi/vec4 4, 0, 4;
    %cmp/u;
    %jmp/1 T_2.3, 6;
    %pushi/vec4 0, 0, 1;
    %store/vec4 v000001c304141d90_0, 0, 1;
    %pushi/vec4 0, 0, 3;
    %store/vec4 v000001c3041421f0_0, 0, 3;
    %jmp T_2.5;
T_2.0 ;
    %pushi/vec4 1, 0, 1;
    %store/vec4 v000001c304141d90_0, 0, 1;
    %pushi/vec4 0, 0, 3;
    %store/vec4 v000001c3041421f0_0, 0, 3;
    %jmp T_2.5;
T_2.1 ;
    %pushi/vec4 1, 0, 1;
    %store/vec4 v000001c304141d90_0, 0, 1;
    %pushi/vec4 1, 0, 3;
    %store/vec4 v000001c3041421f0_0, 0, 3;
    %jmp T_2.5;
T_2.2 ;
    %pushi/vec4 1, 0, 1;
    %store/vec4 v000001c304141d90_0, 0, 1;
    %pushi/vec4 2, 0, 3;
    %store/vec4 v000001c3041421f0_0, 0, 3;
    %jmp T_2.5;
T_2.3 ;
    %pushi/vec4 1, 0, 1;
    %store/vec4 v000001c304141d90_0, 0, 1;
    %pushi/vec4 3, 0, 3;
    %store/vec4 v000001c3041421f0_0, 0, 3;
    %jmp T_2.5;
T_2.5 ;
    %pop/vec4 1;
    %jmp T_2;
    .thread T_2, $push;
    .scope S_000001c304153c40;
T_3 ;
    %wait E_000001c30416a6a0;
    %load/vec4 v000001c3041c65c0_0;
    %flag_set/vec4 9;
    %flag_get/vec4 9;
    %jmp/0 T_3.2, 9;
    %load/vec4 v000001c3041c5b20_0;
    %pushi/vec4 0, 0, 3;
    %cmp/ne;
    %flag_get/vec4 4;
    %and;
T_3.2;
    %flag_set/vec4 8;
    %jmp/0xz  T_3.0, 8;
    %load/vec4 v000001c3041c6160_0;
    %load/vec4 v000001c3041c5b20_0;
    %pad/u 5;
    %ix/vec4 3;
    %ix/load 4, 0, 0; Constant delay
    %assign/vec4/a/d v000001c3041c6340, 0, 4;
T_3.0 ;
    %jmp T_3;
    .thread T_3;
    .scope S_000001c304153c40;
T_4 ;
    %pushi/vec4 0, 0, 8;
    %ix/load 4, 0, 0;
    %flag_set/imm 4, 0;
    %store/vec4a v000001c3041c6340, 4, 0;
    %pushi/vec4 10, 0, 8;
    %ix/load 4, 1, 0;
    %flag_set/imm 4, 0;
    %store/vec4a v000001c3041c6340, 4, 0;
    %pushi/vec4 5, 0, 8;
    %ix/load 4, 2, 0;
    %flag_set/imm 4, 0;
    %store/vec4a v000001c3041c6340, 4, 0;
    %pushi/vec4 3, 0, 32;
    %store/vec4 v000001c3041c5e40_0, 0, 32;
T_4.0 ;
    %load/vec4 v000001c3041c5e40_0;
    %cmpi/s 8, 0, 32;
    %jmp/0xz T_4.1, 5;
    %pushi/vec4 0, 0, 8;
    %ix/getv/s 4, v000001c3041c5e40_0;
    %store/vec4a v000001c3041c6340, 4, 0;
    %load/vec4 v000001c3041c5e40_0;
    %addi 1, 0, 32;
    %store/vec4 v000001c3041c5e40_0, 0, 32;
    %jmp T_4.0;
T_4.1 ;
    %end;
    .thread T_4;
    .scope S_000001c30416ea70;
T_5 ;
    %wait E_000001c30416ab20;
    %load/vec4 v000001c304141390_0;
    %dup/vec4;
    %pushi/vec4 0, 0, 3;
    %cmp/u;
    %jmp/1 T_5.0, 6;
    %dup/vec4;
    %pushi/vec4 1, 0, 3;
    %cmp/u;
    %jmp/1 T_5.1, 6;
    %dup/vec4;
    %pushi/vec4 2, 0, 3;
    %cmp/u;
    %jmp/1 T_5.2, 6;
    %dup/vec4;
    %pushi/vec4 3, 0, 3;
    %cmp/u;
    %jmp/1 T_5.3, 6;
    %pushi/vec4 0, 0, 8;
    %store/vec4 v000001c3041420b0_0, 0, 8;
    %jmp T_5.5;
T_5.0 ;
    %load/vec4 v000001c304141570_0;
    %load/vec4 v000001c3041419d0_0;
    %add;
    %store/vec4 v000001c3041420b0_0, 0, 8;
    %jmp T_5.5;
T_5.1 ;
    %load/vec4 v000001c304141570_0;
    %load/vec4 v000001c3041419d0_0;
    %sub;
    %store/vec4 v000001c3041420b0_0, 0, 8;
    %jmp T_5.5;
T_5.2 ;
    %load/vec4 v000001c304141570_0;
    %load/vec4 v000001c3041419d0_0;
    %and;
    %store/vec4 v000001c3041420b0_0, 0, 8;
    %jmp T_5.5;
T_5.3 ;
    %load/vec4 v000001c304141570_0;
    %load/vec4 v000001c3041419d0_0;
    %or;
    %store/vec4 v000001c3041420b0_0, 0, 8;
    %jmp T_5.5;
T_5.5 ;
    %pop/vec4 1;
    %jmp T_5;
    .thread T_5, $push;
    .scope S_000001c304153dd0;
T_6 ;
    %wait E_000001c30416a2a0;
    %load/vec4 v000001c3041c6c00_0;
    %parti/s 4, 12, 5;
    %store/vec4 v000001c3041c7100_0, 0, 4;
    %load/vec4 v000001c3041c6c00_0;
    %parti/s 3, 8, 5;
    %store/vec4 v000001c3041c54e0_0, 0, 3;
    %load/vec4 v000001c3041c6c00_0;
    %parti/s 3, 4, 4;
    %store/vec4 v000001c3041c6d40_0, 0, 3;
    %load/vec4 v000001c3041c6c00_0;
    %parti/s 3, 0, 2;
    %store/vec4 v000001c3041c6fc0_0, 0, 3;
    %pushi/vec4 0, 0, 1;
    %store/vec4 v000001c3041c6520_0, 0, 1;
    %pushi/vec4 0, 0, 3;
    %store/vec4 v000001c3041c62a0_0, 0, 3;
    %load/vec4 v000001c3041c7100_0;
    %dup/vec4;
    %pushi/vec4 1, 0, 4;
    %cmp/u;
    %jmp/1 T_6.0, 6;
    %dup/vec4;
    %pushi/vec4 2, 0, 4;
    %cmp/u;
    %jmp/1 T_6.1, 6;
    %dup/vec4;
    %pushi/vec4 3, 0, 4;
    %cmp/u;
    %jmp/1 T_6.2, 6;
    %dup/vec4;
    %pushi/vec4 4, 0, 4;
    %cmp/u;
    %jmp/1 T_6.3, 6;
    %pushi/vec4 0, 0, 1;
    %store/vec4 v000001c3041c6520_0, 0, 1;
    %pushi/vec4 0, 0, 3;
    %store/vec4 v000001c3041c62a0_0, 0, 3;
    %jmp T_6.5;
T_6.0 ;
    %pushi/vec4 1, 0, 1;
    %store/vec4 v000001c3041c6520_0, 0, 1;
    %pushi/vec4 0, 0, 3;
    %store/vec4 v000001c3041c62a0_0, 0, 3;
    %jmp T_6.5;
T_6.1 ;
    %pushi/vec4 1, 0, 1;
    %store/vec4 v000001c3041c6520_0, 0, 1;
    %pushi/vec4 1, 0, 3;
    %store/vec4 v000001c3041c62a0_0, 0, 3;
    %jmp T_6.5;
T_6.2 ;
    %pushi/vec4 1, 0, 1;
    %store/vec4 v000001c3041c6520_0, 0, 1;
    %pushi/vec4 2, 0, 3;
    %store/vec4 v000001c3041c62a0_0, 0, 3;
    %jmp T_6.5;
T_6.3 ;
    %pushi/vec4 1, 0, 1;
    %store/vec4 v000001c3041c6520_0, 0, 1;
    %pushi/vec4 3, 0, 3;
    %store/vec4 v000001c3041c62a0_0, 0, 3;
    %jmp T_6.5;
T_6.5 ;
    %pop/vec4 1;
    %jmp T_6;
    .thread T_6, $push;
    .scope S_000001c304168980;
T_7 ;
    %vpi_call 8 26 "$dumpfile", "control_unit_waves.vcd" {0 0 0};
    %vpi_call 8 27 "$dumpvars", 32'sb00000000000000000000000000000000, S_000001c304168980 {0 0 0};
    %pushi/vec4 0, 0, 32;
    %store/vec4 v000001c3041c6de0_0, 0, 32;
    %pushi/vec4 4882, 0, 16;
    %store/vec4 v000001c3041c5f80_0, 0, 16;
    %delay 1000, 0;
    %vpi_call 8 37 "$display", "ADD  instr=0x%04h opcode=0x%1h rd=%0d rs1=%0d rs2=%0d reg_write=%b alu_op=0x%1h", v000001c3041c5f80_0, v000001c3041c7060_0, v000001c3041c99a0_0, v000001c3041c9b80_0, v000001c3041c92c0_0, v000001c3041c9400_0, v000001c3041c58a0_0 {0 0 0};
    %load/vec4 v000001c3041c9400_0;
    %cmpi/ne 1, 0, 1;
    %jmp/1 T_7.2, 6;
    %flag_mov 8, 6;
    %load/vec4 v000001c3041c58a0_0;
    %cmpi/ne 0, 0, 3;
    %flag_or 6, 8;
T_7.2;
    %jmp/0xz  T_7.0, 6;
    %vpi_call 8 40 "$display", "FAIL: ADD control mismatch" {0 0 0};
    %load/vec4 v000001c3041c6de0_0;
    %addi 1, 0, 32;
    %store/vec4 v000001c3041c6de0_0, 0, 32;
T_7.0 ;
    %pushi/vec4 9537, 0, 16;
    %store/vec4 v000001c3041c5f80_0, 0, 16;
    %delay 1000, 0;
    %vpi_call 8 49 "$display", "SUB  instr=0x%04h opcode=0x%1h rd=%0d rs1=%0d rs2=%0d reg_write=%b alu_op=0x%1h", v000001c3041c5f80_0, v000001c3041c7060_0, v000001c3041c99a0_0, v000001c3041c9b80_0, v000001c3041c92c0_0, v000001c3041c9400_0, v000001c3041c58a0_0 {0 0 0};
    %load/vec4 v000001c3041c9400_0;
    %cmpi/ne 1, 0, 1;
    %jmp/1 T_7.5, 6;
    %flag_mov 8, 6;
    %load/vec4 v000001c3041c58a0_0;
    %cmpi/ne 1, 0, 3;
    %flag_or 6, 8;
T_7.5;
    %jmp/0xz  T_7.3, 6;
    %vpi_call 8 52 "$display", "FAIL: SUB control mismatch" {0 0 0};
    %load/vec4 v000001c3041c6de0_0;
    %addi 1, 0, 32;
    %store/vec4 v000001c3041c6de0_0, 0, 32;
T_7.3 ;
    %pushi/vec4 37528, 0, 16;
    %store/vec4 v000001c3041c5f80_0, 0, 16;
    %delay 1000, 0;
    %vpi_call 8 61 "$display", "UNK  instr=0x%04h opcode=0x%1h rd=%0d rs1=%0d rs2=%0d reg_write=%b alu_op=0x%1h", v000001c3041c5f80_0, v000001c3041c7060_0, v000001c3041c99a0_0, v000001c3041c9b80_0, v000001c3041c92c0_0, v000001c3041c9400_0, v000001c3041c58a0_0 {0 0 0};
    %load/vec4 v000001c3041c9400_0;
    %cmpi/ne 0, 0, 1;
    %jmp/1 T_7.8, 6;
    %flag_mov 8, 6;
    %load/vec4 v000001c3041c58a0_0;
    %cmpi/ne 0, 0, 3;
    %flag_or 6, 8;
T_7.8;
    %jmp/0xz  T_7.6, 6;
    %vpi_call 8 64 "$display", "FAIL: UNKNOWN control mismatch" {0 0 0};
    %load/vec4 v000001c3041c6de0_0;
    %addi 1, 0, 32;
    %store/vec4 v000001c3041c6de0_0, 0, 32;
T_7.6 ;
    %load/vec4 v000001c3041c6de0_0;
    %cmpi/e 0, 0, 32;
    %jmp/0xz  T_7.9, 4;
    %vpi_call 8 69 "$display", "PASS: control_unit tests passed." {0 0 0};
    %jmp T_7.10;
T_7.9 ;
    %vpi_call 8 71 "$display", "DONE: control_unit tests, errors=%0d.", v000001c3041c6de0_0 {0 0 0};
T_7.10 ;
    %vpi_call 8 74 "$finish" {0 0 0};
    %end;
    .thread T_7;
# The file index is used to find the file name in the following table.
:file_names 9;
    "N/A";
    "<interactive>";
    "src/cpu.v";
    "src/alu.v";
    "src/control_unit.v";
    "src/imem.v";
    "src/pc.v";
    "src/regfile.v";
    "tests/tb_control_unit.v";
