#! /c/Source/iverilog-install/bin/vvp
:ivl_version "12.0 (devel)" "(s20150603-1539-g2693dd32b)";
:ivl_delay_selection "TYPICAL";
:vpi_time_precision - 12;
:vpi_module "C:\iverilog\lib\ivl\system.vpi";
:vpi_module "C:\iverilog\lib\ivl\vhdl_sys.vpi";
:vpi_module "C:\iverilog\lib\ivl\vhdl_textio.vpi";
:vpi_module "C:\iverilog\lib\ivl\v2005_math.vpi";
:vpi_module "C:\iverilog\lib\ivl\va_math.vpi";
S_0000022831f9b150 .scope module, "tb_cpu" "tb_cpu" 2 6;
 .timescale -9 -12;
v000002283200a1e0_0 .var "clk", 0 0;
v0000022832009880_0 .net "current_instruction", 15 0, L_0000022831fa4990;  1 drivers
v0000022832009920_0 .var "rst", 0 0;
E_0000022831f8e470 .event negedge, v0000022831f90980_0;
S_0000022831f9b2e0 .scope module, "uut" "cpu" 2 13, 3 7 0, S_0000022831f9b150;
 .timescale -9 -12;
    .port_info 0 /INPUT 1 "clk";
    .port_info 1 /INPUT 1 "rst";
    .port_info 2 /OUTPUT 16 "current_instruction";
L_0000022831fa4a70 .functor NOT 1, v0000022832009920_0, C4<0>, C4<0>, C4<0>;
L_0000022831fa4ae0 .functor AND 1, v0000022831f90fc0_0, L_0000022831fa4a70, C4<1>, C4<1>;
v0000022832009e20_0 .net *"_ivl_0", 0 0, L_0000022831fa4a70;  1 drivers
v0000022832009060_0 .net "alu_op", 2 0, v0000022831f90f20_0;  1 drivers
v000002283200a320_0 .net "alu_result", 7 0, v0000022831f90ac0_0;  1 drivers
v00000228320097e0_0 .net "alu_zero_unused", 0 0, L_000002283200bc20;  1 drivers
v0000022832009420_0 .net "clk", 0 0, v000002283200a1e0_0;  1 drivers
v000002283200a5a0_0 .net "current_instruction", 15 0, L_0000022831fa4990;  alias, 1 drivers
v0000022832009240_0 .net "opcode", 3 0, v0000022831f912e0_0;  1 drivers
v0000022832008ca0_0 .net "pc_to_imem", 7 0, v0000022831f90ca0_0;  1 drivers
v0000022832008980_0 .net "rd_addr", 2 0, v0000022831f90b60_0;  1 drivers
v00000228320096a0_0 .net "reg_write", 0 0, v0000022831f90fc0_0;  1 drivers
v0000022832008b60_0 .net "reg_write_gated", 0 0, L_0000022831fa4ae0;  1 drivers
v0000022832009ba0_0 .net "rs1_addr", 2 0, v0000022831f91100_0;  1 drivers
v000002283200a0a0_0 .net "rs1_data", 7 0, L_00000228320094c0;  1 drivers
v0000022832009b00_0 .net "rs2_addr", 2 0, v0000022831f911a0_0;  1 drivers
v0000022832008c00_0 .net "rs2_data", 7 0, L_000002283200cee0;  1 drivers
v0000022832008de0_0 .net "rst", 0 0, v0000022832009920_0;  1 drivers
S_0000022831fa1c60 .scope module, "alu_inst" "alu" 3 69, 4 1 0, S_0000022831f9b2e0;
 .timescale -9 -12;
    .port_info 0 /INPUT 8 "A";
    .port_info 1 /INPUT 8 "B";
    .port_info 2 /INPUT 3 "ALU_Control";
    .port_info 3 /OUTPUT 8 "ALU_Result";
    .port_info 4 /OUTPUT 1 "zero";
v0000022831f907a0_0 .net "A", 7 0, L_00000228320094c0;  alias, 1 drivers
v0000022831f90a20_0 .net "ALU_Control", 2 0, v0000022831f90f20_0;  alias, 1 drivers
v0000022831f90ac0_0 .var "ALU_Result", 7 0;
v0000022831f91060_0 .net "B", 7 0, L_000002283200cee0;  alias, 1 drivers
L_0000022832090280 .functor BUFT 1, C4<00000000>, C4<0>, C4<0>, C4<0>;
v0000022831f91600_0 .net/2u *"_ivl_0", 7 0, L_0000022832090280;  1 drivers
v0000022831f90e80_0 .net "zero", 0 0, L_000002283200bc20;  alias, 1 drivers
E_0000022831f8ee30 .event anyedge, v0000022831f90a20_0, v0000022831f907a0_0, v0000022831f91060_0;
L_000002283200bc20 .cmp/eq 8, v0000022831f90ac0_0, L_0000022832090280;
S_0000022831fa1df0 .scope module, "control_unit_inst" "control_unit" 3 37, 5 4 0, S_0000022831f9b2e0;
 .timescale -9 -12;
    .port_info 0 /INPUT 16 "instr";
    .port_info 1 /OUTPUT 4 "opcode";
    .port_info 2 /OUTPUT 3 "rd_addr";
    .port_info 3 /OUTPUT 3 "rs1_addr";
    .port_info 4 /OUTPUT 3 "rs2_addr";
    .port_info 5 /OUTPUT 1 "reg_write";
    .port_info 6 /OUTPUT 3 "alu_op";
v0000022831f90f20_0 .var "alu_op", 2 0;
v0000022831f91240_0 .net "instr", 15 0, L_0000022831fa4990;  alias, 1 drivers
v0000022831f912e0_0 .var "opcode", 3 0;
v0000022831f90b60_0 .var "rd_addr", 2 0;
v0000022831f90fc0_0 .var "reg_write", 0 0;
v0000022831f91100_0 .var "rs1_addr", 2 0;
v0000022831f911a0_0 .var "rs2_addr", 2 0;
E_0000022831f8f130 .event anyedge, v0000022831f91240_0, v0000022831f912e0_0;
S_0000022831fa3440 .scope module, "imem_inst" "imem" 3 24, 6 1 0, S_0000022831f9b2e0;
 .timescale -9 -12;
    .port_info 0 /INPUT 8 "addr";
    .port_info 1 /OUTPUT 16 "instr";
L_0000022831fa4990 .functor BUFZ 16, L_0000022832008d40, C4<0000000000000000>, C4<0000000000000000>, C4<0000000000000000>;
v0000022831f91380_0 .net *"_ivl_0", 15 0, L_0000022832008d40;  1 drivers
v0000022831f914c0_0 .net *"_ivl_2", 9 0, L_0000022832008f20;  1 drivers
L_0000022832090088 .functor BUFT 1, C4<00>, C4<0>, C4<0>, C4<0>;
v0000022831f91560_0 .net *"_ivl_5", 1 0, L_0000022832090088;  1 drivers
v0000022831f916a0_0 .net "addr", 7 0, v0000022831f90ca0_0;  alias, 1 drivers
v0000022831f90c00_0 .net "instr", 15 0, L_0000022831fa4990;  alias, 1 drivers
v0000022831f90840 .array "mem", 255 0, 15 0;
L_0000022832008d40 .array/port v0000022831f90840, L_0000022832008f20;
L_0000022832008f20 .concat [ 8 2 0 0], v0000022831f90ca0_0, L_0000022832090088;
S_0000022831fa35d0 .scope module, "pc_inst" "pc" 3 17, 7 1 0, S_0000022831f9b2e0;
 .timescale -9 -12;
    .port_info 0 /INPUT 1 "clk";
    .port_info 1 /INPUT 1 "reset";
    .port_info 2 /OUTPUT 8 "pc_out";
v0000022831f90980_0 .net "clk", 0 0, v000002283200a1e0_0;  alias, 1 drivers
v0000022831f90ca0_0 .var "pc_out", 7 0;
v0000022832009ec0_0 .net "reset", 0 0, v0000022832009920_0;  alias, 1 drivers
E_0000022831f8f170 .event posedge, v0000022832009ec0_0, v0000022831f90980_0;
S_0000022831fa9a80 .scope module, "regfile_inst" "regfile" 3 58, 8 1 0, S_0000022831f9b2e0;
 .timescale -9 -12;
    .port_info 0 /INPUT 1 "clk";
    .port_info 1 /INPUT 1 "we";
    .port_info 2 /INPUT 3 "read_addr1";
    .port_info 3 /INPUT 3 "read_addr2";
    .port_info 4 /INPUT 3 "write_addr";
    .port_info 5 /INPUT 8 "write_data";
    .port_info 6 /OUTPUT 8 "read_data1";
    .port_info 7 /OUTPUT 8 "read_data2";
L_00000228320900d0 .functor BUFT 1, C4<000>, C4<0>, C4<0>, C4<0>;
v0000022832009100_0 .net/2u *"_ivl_0", 2 0, L_00000228320900d0;  1 drivers
L_0000022832090160 .functor BUFT 1, C4<00>, C4<0>, C4<0>, C4<0>;
v0000022832009600_0 .net *"_ivl_11", 1 0, L_0000022832090160;  1 drivers
L_00000228320901a8 .functor BUFT 1, C4<000>, C4<0>, C4<0>, C4<0>;
v000002283200a640_0 .net/2u *"_ivl_14", 2 0, L_00000228320901a8;  1 drivers
v00000228320091a0_0 .net *"_ivl_16", 0 0, L_0000022832009a60;  1 drivers
L_00000228320901f0 .functor BUFT 1, C4<00000000>, C4<0>, C4<0>, C4<0>;
v000002283200a000_0 .net/2u *"_ivl_18", 7 0, L_00000228320901f0;  1 drivers
v0000022832008e80_0 .net *"_ivl_2", 0 0, L_0000022832008fc0;  1 drivers
v000002283200a460_0 .net *"_ivl_20", 7 0, L_0000022832009c40;  1 drivers
v0000022832009560_0 .net *"_ivl_22", 4 0, L_000002283200b900;  1 drivers
L_0000022832090238 .functor BUFT 1, C4<00>, C4<0>, C4<0>, C4<0>;
v000002283200a780_0 .net *"_ivl_25", 1 0, L_0000022832090238;  1 drivers
L_0000022832090118 .functor BUFT 1, C4<00000000>, C4<0>, C4<0>, C4<0>;
v000002283200a140_0 .net/2u *"_ivl_4", 7 0, L_0000022832090118;  1 drivers
v0000022832009740_0 .net *"_ivl_6", 7 0, L_00000228320092e0;  1 drivers
v0000022832008ac0_0 .net *"_ivl_8", 4 0, L_0000022832009380;  1 drivers
v000002283200a3c0_0 .net "clk", 0 0, v000002283200a1e0_0;  alias, 1 drivers
v0000022832009d80_0 .var/i "i", 31 0;
v00000228320099c0_0 .net "read_addr1", 2 0, v0000022831f91100_0;  alias, 1 drivers
v000002283200a500_0 .net "read_addr2", 2 0, v0000022831f911a0_0;  alias, 1 drivers
v0000022832009ce0_0 .net "read_data1", 7 0, L_00000228320094c0;  alias, 1 drivers
v0000022832009f60_0 .net "read_data2", 7 0, L_000002283200cee0;  alias, 1 drivers
v00000228320088e0 .array "regs", 7 0, 7 0;
v0000022832008a20_0 .net "we", 0 0, L_0000022831fa4ae0;  alias, 1 drivers
v000002283200a280_0 .net "write_addr", 2 0, v0000022831f90b60_0;  alias, 1 drivers
v000002283200a6e0_0 .net "write_data", 7 0, v0000022831f90ac0_0;  alias, 1 drivers
E_0000022831f8f270 .event posedge, v0000022831f90980_0;
L_0000022832008fc0 .cmp/eq 3, v0000022831f91100_0, L_00000228320900d0;
L_00000228320092e0 .array/port v00000228320088e0, L_0000022832009380;
L_0000022832009380 .concat [ 3 2 0 0], v0000022831f91100_0, L_0000022832090160;
L_00000228320094c0 .functor MUXZ 8, L_00000228320092e0, L_0000022832090118, L_0000022832008fc0, C4<>;
L_0000022832009a60 .cmp/eq 3, v0000022831f911a0_0, L_00000228320901a8;
L_0000022832009c40 .array/port v00000228320088e0, L_000002283200b900;
L_000002283200b900 .concat [ 3 2 0 0], v0000022831f911a0_0, L_0000022832090238;
L_000002283200cee0 .functor MUXZ 8, L_0000022832009c40, L_00000228320901f0, L_0000022832009a60, C4<>;
    .scope S_0000022831fa35d0;
T_0 ;
    %wait E_0000022831f8f170;
    %load/vec4 v0000022832009ec0_0;
    %flag_set/vec4 8;
    %jmp/0xz  T_0.0, 8;
    %pushi/vec4 0, 0, 8;
    %assign/vec4 v0000022831f90ca0_0, 0;
    %jmp T_0.1;
T_0.0 ;
    %load/vec4 v0000022831f90ca0_0;
    %addi 1, 0, 8;
    %assign/vec4 v0000022831f90ca0_0, 0;
T_0.1 ;
    %jmp T_0;
    .thread T_0;
    .scope S_0000022831fa3440;
T_1 ;
    %vpi_call 6 9 "$readmemh", "C:/Users/LENOVO/Desktop/cursor/Simple-8bit-CPU-Verilog/program.hex", v0000022831f90840 {0 0 0};
    %end;
    .thread T_1;
    .scope S_0000022831fa1df0;
T_2 ;
    %wait E_0000022831f8f130;
    %load/vec4 v0000022831f91240_0;
    %parti/s 4, 12, 5;
    %store/vec4 v0000022831f912e0_0, 0, 4;
    %load/vec4 v0000022831f91240_0;
    %parti/s 3, 8, 5;
    %store/vec4 v0000022831f90b60_0, 0, 3;
    %load/vec4 v0000022831f91240_0;
    %parti/s 3, 4, 4;
    %store/vec4 v0000022831f91100_0, 0, 3;
    %load/vec4 v0000022831f91240_0;
    %parti/s 3, 0, 2;
    %store/vec4 v0000022831f911a0_0, 0, 3;
    %pushi/vec4 0, 0, 1;
    %store/vec4 v0000022831f90fc0_0, 0, 1;
    %pushi/vec4 0, 0, 3;
    %store/vec4 v0000022831f90f20_0, 0, 3;
    %load/vec4 v0000022831f912e0_0;
    %dup/vec4;
    %pushi/vec4 1, 0, 4;
    %cmp/u;
    %jmp/1 T_2.0, 6;
    %dup/vec4;
    %pushi/vec4 2, 0, 4;
    %cmp/u;
    %jmp/1 T_2.1, 6;
    %dup/vec4;
    %pushi/vec4 3, 0, 4;
    %cmp/u;
    %jmp/1 T_2.2, 6;
    %dup/vec4;
    %pushi/vec4 4, 0, 4;
    %cmp/u;
    %jmp/1 T_2.3, 6;
    %pushi/vec4 0, 0, 1;
    %store/vec4 v0000022831f90fc0_0, 0, 1;
    %pushi/vec4 0, 0, 3;
    %store/vec4 v0000022831f90f20_0, 0, 3;
    %jmp T_2.5;
T_2.0 ;
    %pushi/vec4 1, 0, 1;
    %store/vec4 v0000022831f90fc0_0, 0, 1;
    %pushi/vec4 0, 0, 3;
    %store/vec4 v0000022831f90f20_0, 0, 3;
    %jmp T_2.5;
T_2.1 ;
    %pushi/vec4 1, 0, 1;
    %store/vec4 v0000022831f90fc0_0, 0, 1;
    %pushi/vec4 1, 0, 3;
    %store/vec4 v0000022831f90f20_0, 0, 3;
    %jmp T_2.5;
T_2.2 ;
    %pushi/vec4 1, 0, 1;
    %store/vec4 v0000022831f90fc0_0, 0, 1;
    %pushi/vec4 2, 0, 3;
    %store/vec4 v0000022831f90f20_0, 0, 3;
    %jmp T_2.5;
T_2.3 ;
    %pushi/vec4 1, 0, 1;
    %store/vec4 v0000022831f90fc0_0, 0, 1;
    %pushi/vec4 3, 0, 3;
    %store/vec4 v0000022831f90f20_0, 0, 3;
    %jmp T_2.5;
T_2.5 ;
    %pop/vec4 1;
    %jmp T_2;
    .thread T_2, $push;
    .scope S_0000022831fa9a80;
T_3 ;
    %wait E_0000022831f8f270;
    %load/vec4 v0000022832008a20_0;
    %flag_set/vec4 9;
    %flag_get/vec4 9;
    %jmp/0 T_3.2, 9;
    %load/vec4 v000002283200a280_0;
    %pushi/vec4 0, 0, 3;
    %cmp/ne;
    %flag_get/vec4 4;
    %and;
T_3.2;
    %flag_set/vec4 8;
    %jmp/0xz  T_3.0, 8;
    %load/vec4 v000002283200a6e0_0;
    %load/vec4 v000002283200a280_0;
    %pad/u 5;
    %ix/vec4 3;
    %ix/load 4, 0, 0; Constant delay
    %assign/vec4/a/d v00000228320088e0, 0, 4;
T_3.0 ;
    %jmp T_3;
    .thread T_3;
    .scope S_0000022831fa9a80;
T_4 ;
    %pushi/vec4 0, 0, 8;
    %ix/load 4, 0, 0;
    %flag_set/imm 4, 0;
    %store/vec4a v00000228320088e0, 4, 0;
    %pushi/vec4 10, 0, 8;
    %ix/load 4, 1, 0;
    %flag_set/imm 4, 0;
    %store/vec4a v00000228320088e0, 4, 0;
    %pushi/vec4 5, 0, 8;
    %ix/load 4, 2, 0;
    %flag_set/imm 4, 0;
    %store/vec4a v00000228320088e0, 4, 0;
    %pushi/vec4 3, 0, 32;
    %store/vec4 v0000022832009d80_0, 0, 32;
T_4.0 ;
    %load/vec4 v0000022832009d80_0;
    %cmpi/s 8, 0, 32;
    %jmp/0xz T_4.1, 5;
    %pushi/vec4 0, 0, 8;
    %ix/getv/s 4, v0000022832009d80_0;
    %store/vec4a v00000228320088e0, 4, 0;
    %load/vec4 v0000022832009d80_0;
    %addi 1, 0, 32;
    %store/vec4 v0000022832009d80_0, 0, 32;
    %jmp T_4.0;
T_4.1 ;
    %end;
    .thread T_4;
    .scope S_0000022831fa1c60;
T_5 ;
    %wait E_0000022831f8ee30;
    %load/vec4 v0000022831f90a20_0;
    %dup/vec4;
    %pushi/vec4 0, 0, 3;
    %cmp/u;
    %jmp/1 T_5.0, 6;
    %dup/vec4;
    %pushi/vec4 1, 0, 3;
    %cmp/u;
    %jmp/1 T_5.1, 6;
    %dup/vec4;
    %pushi/vec4 2, 0, 3;
    %cmp/u;
    %jmp/1 T_5.2, 6;
    %dup/vec4;
    %pushi/vec4 3, 0, 3;
    %cmp/u;
    %jmp/1 T_5.3, 6;
    %pushi/vec4 0, 0, 8;
    %store/vec4 v0000022831f90ac0_0, 0, 8;
    %jmp T_5.5;
T_5.0 ;
    %load/vec4 v0000022831f907a0_0;
    %load/vec4 v0000022831f91060_0;
    %add;
    %store/vec4 v0000022831f90ac0_0, 0, 8;
    %jmp T_5.5;
T_5.1 ;
    %load/vec4 v0000022831f907a0_0;
    %load/vec4 v0000022831f91060_0;
    %sub;
    %store/vec4 v0000022831f90ac0_0, 0, 8;
    %jmp T_5.5;
T_5.2 ;
    %load/vec4 v0000022831f907a0_0;
    %load/vec4 v0000022831f91060_0;
    %and;
    %store/vec4 v0000022831f90ac0_0, 0, 8;
    %jmp T_5.5;
T_5.3 ;
    %load/vec4 v0000022831f907a0_0;
    %load/vec4 v0000022831f91060_0;
    %or;
    %store/vec4 v0000022831f90ac0_0, 0, 8;
    %jmp T_5.5;
T_5.5 ;
    %pop/vec4 1;
    %jmp T_5;
    .thread T_5, $push;
    .scope S_0000022831f9b150;
T_6 ;
    %delay 5000, 0;
    %load/vec4 v000002283200a1e0_0;
    %inv;
    %store/vec4 v000002283200a1e0_0, 0, 1;
    %jmp T_6;
    .thread T_6;
    .scope S_0000022831f9b150;
T_7 ;
    %wait E_0000022831f8e470;
    %delay 100, 0;
    %load/vec4 v0000022832008ca0_0;
    %cmpi/u 4, 0, 8;
    %flag_or 5, 4;
    %jmp/0xz  T_7.0, 5;
    %vpi_call 2 30 "$display", "t=%0t PC=%0d opcode=0x%1h rs1_data=0x%02h rs2_data=0x%02h alu_result=0x%02h reg_write=%b", $time, v0000022832008ca0_0, v0000022832009240_0, v000002283200a0a0_0, v0000022832008c00_0, v000002283200a320_0, v00000228320096a0_0 {0 0 0};
T_7.0 ;
    %jmp T_7;
    .thread T_7;
    .scope S_0000022831f9b150;
T_8 ;
    %pushi/vec4 0, 0, 1;
    %store/vec4 v000002283200a1e0_0, 0, 1;
    %pushi/vec4 1, 0, 1;
    %store/vec4 v0000022832009920_0, 0, 1;
    %vpi_call 2 49 "$dumpfile", "cpu_waves.vcd" {0 0 0};
    %vpi_call 2 50 "$dumpvars", 32'sb00000000000000000000000000000000, S_0000022831f9b150 {0 0 0};
    %vpi_call 2 51 "$display", "VCD file should be generated now (cpu_waves.vcd)." {0 0 0};
    %vpi_call 2 54 "$monitor", "t=%0t  rst=%b  pc=0x%02h  current_instruction=0x%04h", $time, v0000022832009920_0, v0000022832008ca0_0, v0000022832009880_0 {0 0 0};
    %delay 20000, 0;
    %pushi/vec4 0, 0, 1;
    %store/vec4 v0000022832009920_0, 0, 1;
    %delay 5000, 0;
    %pushi/vec4 10, 0, 8;
    %ix/load 4, 1, 0;
    %flag_set/imm 4, 0;
    %store/vec4a v00000228320088e0, 4, 0;
    %pushi/vec4 5, 0, 8;
    %ix/load 4, 2, 0;
    %flag_set/imm 4, 0;
    %store/vec4a v00000228320088e0, 4, 0;
    %delay 120000, 0;
    %vpi_call 2 77 "$finish" {0 0 0};
    %end;
    .thread T_8;
# The file index is used to find the file name in the following table.
:file_names 9;
    "N/A";
    "<interactive>";
    "tests/tb_cpu.v";
    "src/cpu.v";
    "src/alu.v";
    "src/control_unit.v";
    "src/imem.v";
    "src/pc.v";
    "src/regfile.v";
